# JRE version: OpenJDK Runtime Environment (8.0_152-b01) (build 1.8.0_152-release-1343-b01)
# Java VM: OpenJDK 64-Bit Server VM (25.152-b01 mixed mode windows-amd64 compressed oops)
Heap:
 PSYoungGen      total 191488K, used 183761K [0x00000000e0000000, 0x00000000ef380000, 0x0000000100000000)
  eden space 152064K, 96% used [0x00000000e0000000,0x00000000e8fcdb78,0x00000000e9480000)
  from space 39424K, 92% used [0x00000000ec000000,0x00000000ee3a6c28,0x00000000ee680000)
  to   space 44544K, 0% used [0x00000000e9480000,0x00000000e9480000,0x00000000ec000000)
 ParOldGen       total 135680K, used 66335K [0x00000000a0000000, 0x00000000a8480000, 0x00000000e0000000)
  object space 135680K, 48% used [0x00000000a0000000,0x00000000a40c7fe8,0x00000000a8480000)
 Metaspace       used 81946K, capacity 84478K, committed 84696K, reserved 1122304K
  class space    used 10417K, capacity 10984K, committed 11008K, reserved 1048576K
GC Heap History (10 events):
Event: 100.101 GC heap before
{Heap before GC invocations=21 (full 3):
 PSYoungGen      total 140800K, used 137767K [0x00000000e0000000, 0x00000000ea880000, 0x0000000100000000)
  eden space 122880K, 100% used [0x00000000e0000000,0x00000000e7800000,0x00000000e7800000)
  from space 17920K, 83% used [0x00000000e7800000,0x00000000e8689e98,0x00000000e8980000)
  to   space 18944K, 0% used [0x00000000e9600000,0x00000000e9600000,0x00000000ea880000)
 ParOldGen       total 135680K, used 32296K [0x00000000a0000000, 0x00000000a8480000, 0x00000000e0000000)
  object space 135680K, 23% used [0x00000000a0000000,0x00000000a1f8a2e0,0x00000000a8480000)
 Metaspace       used 70674K, capacity 72800K, committed 73048K, reserved 1112064K
  class space    used 9288K, capacity 9808K, committed 9856K, reserved 1048576K
Event: 100.133 GC heap after
Heap after GC invocations=21 (full 3):
 PSYoungGen      total 150528K, used 18929K [0x00000000e0000000, 0x00000000eb000000, 0x0000000100000000)
  eden space 131584K, 0% used [0x00000000e0000000,0x00000000e0000000,0x00000000e8080000)
  from space 18944K, 99% used [0x00000000e9600000,0x00000000ea87c5e0,0x00000000ea880000)
  to   space 22016K, 0% used [0x00000000e8080000,0x00000000e8080000,0x00000000e9600000)
 ParOldGen       total 135680K, used 33772K [0x00000000a0000000, 0x00000000a8480000, 0x00000000e0000000)
  object space 135680K, 24% used [0x00000000a0000000,0x00000000a20fb3d0,0x00000000a8480000)
 Metaspace       used 70674K, capacity 72800K, committed 73048K, reserved 1112064K
  class space    used 9288K, capacity 9808K, committed 9856K, reserved 1048576K
}
Event: 107.083 GC heap before
{Heap before GC invocations=22 (full 3):
 PSYoungGen      total 150528K, used 150513K [0x00000000e0000000, 0x00000000eb000000, 0x0000000100000000)
  eden space 131584K, 100% used [0x00000000e0000000,0x00000000e8080000,0x00000000e8080000)
  from space 18944K, 99% used [0x00000000e9600000,0x00000000ea87c5e0,0x00000000ea880000)
  to   space 22016K, 0% used [0x00000000e8080000,0x00000000e8080000,0x00000000e9600000)
 ParOldGen       total 135680K, used 33772K [0x00000000a0000000, 0x00000000a8480000, 0x00000000e0000000)
  object space 135680K, 24% used [0x00000000a0000000,0x00000000a20fb3d0,0x00000000a8480000)
 Metaspace       used 71259K, capacity 73420K, committed 73560K, reserved 1114112K
  class space    used 9297K, capacity 9814K, committed 9856K, reserved 1048576K
Event: 107.111 GC heap after
Heap after GC invocations=22 (full 3):
 PSYoungGen      total 153600K, used 21988K [0x00000000e0000000, 0x00000000ec280000, 0x0000000100000000)
  eden space 131584K, 0% used [0x00000000e0000000,0x00000000e0000000,0x00000000e8080000)
  from space 22016K, 99% used [0x00000000e8080000,0x00000000e95f9190,0x00000000e9600000)
  to   space 26624K, 0% used [0x00000000ea880000,0x00000000ea880000,0x00000000ec280000)
 ParOldGen       total 135680K, used 37621K [0x00000000a0000000, 0x00000000a8480000, 0x00000000e0000000)
  object space 135680K, 27% used [0x00000000a0000000,0x00000000a24bd680,0x00000000a8480000)
 Metaspace       used 71259K, capacity 73420K, committed 73560K, reserved 1114112K
  class space    used 9297K, capacity 9814K, committed 9856K, reserved 1048576K
}
Event: 118.757 GC heap before
{Heap before GC invocations=23 (full 3):
 PSYoungGen      total 153600K, used 153572K [0x00000000e0000000, 0x00000000ec280000, 0x0000000100000000)
  eden space 131584K, 100% used [0x00000000e0000000,0x00000000e8080000,0x00000000e8080000)
  from space 22016K, 99% used [0x00000000e8080000,0x00000000e95f9190,0x00000000e9600000)
  to   space 26624K, 0% used [0x00000000ea880000,0x00000000ea880000,0x00000000ec280000)
 ParOldGen       total 135680K, used 37621K [0x00000000a0000000, 0x00000000a8480000, 0x00000000e0000000)
  object space 135680K, 27% used [0x00000000a0000000,0x00000000a24bd680,0x00000000a8480000)
 Metaspace       used 72298K, capacity 74428K, committed 74712K, reserved 1114112K
  class space    used 9393K, capacity 9890K, committed 9984K, reserved 1048576K
Event: 118.795 GC heap after
Heap after GC invocations=23 (full 3):
 PSYoungGen      total 169984K, used 22927K [0x00000000e0000000, 0x00000000ec680000, 0x0000000100000000)
  eden space 143360K, 0% used [0x00000000e0000000,0x00000000e0000000,0x00000000e8c00000)
  from space 26624K, 86% used [0x00000000ea880000,0x00000000ebee3c40,0x00000000ec280000)
  to   space 29184K, 0% used [0x00000000e8c00000,0x00000000e8c00000,0x00000000ea880000)
 ParOldGen       total 135680K, used 43631K [0x00000000a0000000, 0x00000000a8480000, 0x00000000e0000000)
  object space 135680K, 32% used [0x00000000a0000000,0x00000000a2a9bc10,0x00000000a8480000)
 Metaspace       used 72298K, capacity 74428K, committed 74712K, reserved 1114112K
  class space    used 9393K, capacity 9890K, committed 9984K, reserved 1048576K
}
Event: 138.549 GC heap before
{Heap before GC invocations=24 (full 3):
 PSYoungGen      total 169984K, used 166287K [0x00000000e0000000, 0x00000000ec680000, 0x0000000100000000)
  eden space 143360K, 100% used [0x00000000e0000000,0x00000000e8c00000,0x00000000e8c00000)
  from space 26624K, 86% used [0x00000000ea880000,0x00000000ebee3c40,0x00000000ec280000)
  to   space 29184K, 0% used [0x00000000e8c00000,0x00000000e8c00000,0x00000000ea880000)
 ParOldGen       total 135680K, used 43631K [0x00000000a0000000, 0x00000000a8480000, 0x00000000e0000000)
  object space 135680K, 32% used [0x00000000a0000000,0x00000000a2a9bc10,0x00000000a8480000)
 Metaspace       used 77389K, capacity 79620K, committed 79960K, reserved 1118208K
  class space    used 9996K, capacity 10506K, committed 10624K, reserved 1048576K
Event: 138.601 GC heap after
Heap after GC invocations=24 (full 3):
 PSYoungGen      total 172544K, used 29179K [0x00000000e0000000, 0x00000000ee680000, 0x0000000100000000)
  eden space 143360K, 0% used [0x00000000e0000000,0x00000000e0000000,0x00000000e8c00000)
  from space 29184K, 99% used [0x00000000e8c00000,0x00000000ea87ec40,0x00000000ea880000)
  to   space 39424K, 0% used [0x00000000ec000000,0x00000000ec000000,0x00000000ee680000)
 ParOldGen       total 135680K, used 60007K [0x00000000a0000000, 0x00000000a8480000, 0x00000000e0000000)
  object space 135680K, 44% used [0x00000000a0000000,0x00000000a3a99c78,0x00000000a8480000)
 Metaspace       used 77389K, capacity 79620K, committed 79960K, reserved 1118208K
  class space    used 9996K, capacity 10506K, committed 10624K, reserved 1048576K
}
Event: 145.905 GC heap before
{Heap before GC invocations=25 (full 3):
 PSYoungGen      total 172544K, used 172530K [0x00000000e0000000, 0x00000000ee680000, 0x0000000100000000)
  eden space 143360K, 99% used [0x00000000e0000000,0x00000000e8bfdbc0,0x00000000e8c00000)
  from space 29184K, 99% used [0x00000000e8c00000,0x00000000ea87ec40,0x00000000ea880000)
  to   space 39424K, 0% used [0x00000000ec000000,0x00000000ec000000,0x00000000ee680000)
 ParOldGen       total 135680K, used 60007K [0x00000000a0000000, 0x00000000a8480000, 0x00000000e0000000)
  object space 135680K, 44% used [0x00000000a0000000,0x00000000a3a99c78,0x00000000a8480000)
 Metaspace       used 80440K, capacity 82826K, committed 83032K, reserved 1122304K
  class space    used 10275K, capacity 10843K, committed 10880K, reserved 1048576K
Event: 145.967 GC heap after
Heap after GC invocations=25 (full 3):
 PSYoungGen      total 191488K, used 36507K [0x00000000e0000000, 0x00000000ef380000, 0x0000000100000000)
  eden space 152064K, 0% used [0x00000000e0000000,0x00000000e0000000,0x00000000e9480000)
  from space 39424K, 92% used [0x00000000ec000000,0x00000000ee3a6c28,0x00000000ee680000)
  to   space 44544K, 0% used [0x00000000e9480000,0x00000000e9480000,0x00000000ec000000)
 ParOldGen       total 135680K, used 66335K [0x00000000a0000000, 0x00000000a8480000, 0x00000000e0000000)
  object space 135680K, 48% used [0x00000000a0000000,0x00000000a40c7fe8,0x00000000a8480000)
 Metaspace       used 80440K, capacity 82826K, committed 83032K, reserved 1122304K
  class space    used 10275K, capacity 10843K, committed 10880K, reserved 1048576K
}

